0 info it worked if it ends with ok
1 verbose cli [ '/usr/local/bin/iojs', '/usr/local/bin/npm', 'publish' ]
2 info using npm@2.7.0
3 info using node@v1.5.0
4 verbose publish [ '.' ]
5 silly cache add args [ '.', null ]
6 verbose cache add spec .
7 silly cache add parsed spec { raw: '.',
7 silly cache add   scope: null,
7 silly cache add   name: null,
7 silly cache add   rawSpec: '.',
7 silly cache add   spec: '/home/fcmatteo/Desktop/Algorithms/insertion-sort',
7 silly cache add   type: 'directory' }
8 verbose addLocalDirectory /home/fcmatteo/.npm/insertion-sort/1.0.0/package.tgz not in flight; packing
9 verbose tar pack [ '/home/fcmatteo/.npm/insertion-sort/1.0.0/package.tgz',
9 verbose tar pack   '/home/fcmatteo/Desktop/Algorithms/insertion-sort' ]
10 verbose tarball /home/fcmatteo/.npm/insertion-sort/1.0.0/package.tgz
11 verbose folder /home/fcmatteo/Desktop/Algorithms/insertion-sort
12 info prepublish insertion-sort@1.0.0
13 verbose addLocalTarball adding from inside cache /home/fcmatteo/.npm/insertion-sort/1.0.0/package.tgz
14 silly cache afterAdd insertion-sort@1.0.0
15 verbose afterAdd /home/fcmatteo/.npm/insertion-sort/1.0.0/package/package.json not in flight; writing
16 verbose afterAdd /home/fcmatteo/.npm/insertion-sort/1.0.0/package/package.json written
17 silly publish { name: 'insertion-sort',
17 silly publish   version: '1.0.0',
17 silly publish   description: 'An insertion sort algorithm',
17 silly publish   main: 'index.js',
17 silly publish   scripts: { test: 'echo "Error: no test specified" && exit 1' },
17 silly publish   repository:
17 silly publish    { type: 'git',
17 silly publish      url: 'https://github.com/fcmatteo/insertion-sort-js.git' },
17 silly publish   keywords: [ 'insertion', 'sort', 'algorithm' ],
17 silly publish   author: { name: 'Facundo Matteo', email: 'facumatteo@gmail.com' },
17 silly publish   license: 'ISC',
17 silly publish   bugs: { url: 'https://github.com/fcmatteo/insertion-sort-js/issues' },
17 silly publish   homepage: 'https://github.com/fcmatteo/insertion-sort-js',
17 silly publish   dependencies: { babel: '^5.4.3' },
17 silly publish   readme: '# insertion-sort-js\nAn insertion sort example in javascript.\n\nOnly for educational purposes.\n\nSend me a pull request if you see an error or typo.',
17 silly publish   readmeFilename: 'README.md',
17 silly publish   gitHead: 'fcd3a22a34e39f1249906f773e1c58fef1551f30',
17 silly publish   _id: 'insertion-sort@1.0.0',
17 silly publish   _shasum: '1bee61e716fb1fc48e7ec71dcc4f675364bfe4a6',
17 silly publish   _from: '.' }
18 silly mapToRegistry name insertion-sort
19 silly mapToRegistry using default registry
20 silly mapToRegistry registry https://registry.npmjs.org/
21 silly mapToRegistry uri https://registry.npmjs.org/insertion-sort
22 verbose publish registryBase https://registry.npmjs.org/
23 silly publish uploading /home/fcmatteo/.npm/insertion-sort/1.0.0/package.tgz
24 verbose request uri https://registry.npmjs.org/insertion-sort
25 verbose request sending authorization for write operation
26 info attempt registry request try #1 at 14:20:43
27 verbose request using bearer token for auth
28 verbose request id 6bba4c99880cba75
29 http request PUT https://registry.npmjs.org/insertion-sort
30 http 404 https://registry.npmjs.org/insertion-sort
31 verbose headers { 'content-type': 'application/json',
31 verbose headers   'cache-control': 'max-age=0',
31 verbose headers   'content-length': '21',
31 verbose headers   'accept-ranges': 'bytes',
31 verbose headers   date: 'Sat, 16 May 2015 17:20:45 GMT',
31 verbose headers   via: '1.1 varnish',
31 verbose headers   connection: 'keep-alive',
31 verbose headers   'x-served-by': 'cache-atl6224-ATL',
31 verbose headers   'x-cache': 'MISS',
31 verbose headers   'x-cache-hits': '0',
31 verbose headers   'x-timer': 'S1431796844.970217,VS0,VE812' }
32 verbose request invalidating /home/fcmatteo/.npm/registry.npmjs.org/insertion-sort on PUT
33 error publish Failed PUT 404
34 verbose stack Error: Not found : insertion-sort
34 verbose stack     at CachingRegistryClient.<anonymous> (/usr/local/lib/node_modules/npm/node_modules/npm-registry-client/lib/request.js:254:14)
34 verbose stack     at Request._callback (/usr/local/lib/node_modules/npm/node_modules/npm-registry-client/lib/request.js:178:14)
34 verbose stack     at Request.self.callback (/usr/local/lib/node_modules/npm/node_modules/request/request.js:344:22)
34 verbose stack     at emitTwo (events.js:87:13)
34 verbose stack     at Request.emit (events.js:169:7)
34 verbose stack     at Request.<anonymous> (/usr/local/lib/node_modules/npm/node_modules/request/request.js:1239:14)
34 verbose stack     at emitOne (events.js:82:20)
34 verbose stack     at Request.emit (events.js:166:7)
34 verbose stack     at IncomingMessage.<anonymous> (/usr/local/lib/node_modules/npm/node_modules/request/request.js:1187:12)
34 verbose stack     at emitNone (events.js:72:20)
35 verbose statusCode 404
36 verbose pkgid insertion-sort
37 verbose cwd /home/fcmatteo/Desktop/Algorithms/insertion-sort
38 error Linux 3.13.0-52-generic
39 error argv "/usr/local/bin/iojs" "/usr/local/bin/npm" "publish"
40 error node v1.5.0
41 error npm  v2.7.0
42 error code E404
43 error 404 Not found : insertion-sort
43 error 404
43 error 404 'insertion-sort' is not in the npm registry.
43 error 404 You should bug the author to publish it (or use the name yourself!)
43 error 404
43 error 404 Note that you can also install from a
43 error 404 tarball, folder, http url, or git url.
44 verbose exit [ 1, true ]
